2025-04-11 22:12:47,610 - INFO - Starting comprehensive PDF download for scholar ID: KreqRjAAAAAJ
2025-04-11 22:12:47,611 - INFO - Created PDF folder at: filled/vaneshieh@gmail.com/pdfs
2025-04-11 22:12:47,612 - INFO - Created new status file: filled/vaneshieh@gmail.com/publication_download_status_comprehensive.csv
2025-04-11 22:12:47,612 - INFO - Getting https://scholar.google.com/citations?hl=en&user=KreqRjAAAAAJ&pagesize=100
2025-04-11 22:12:49,534 - INFO - HTTP Request: GET https://scholar.google.com/citations?hl=en&user=KreqRjAAAAAJ&pagesize=100 "HTTP/1.1 200 OK"
2025-04-11 22:12:49,597 - INFO - Getting https://scholar.google.com/citations?hl=en&user=KreqRjAAAAAJ&pagesize=100
2025-04-11 22:12:51,318 - INFO - HTTP Request: GET https://scholar.google.com/citations?hl=en&user=KreqRjAAAAAJ&pagesize=100 "HTTP/1.1 200 OK"
2025-04-11 22:12:51,385 - INFO - Found 9 publications
2025-04-11 22:12:51,413 - INFO - Getting https://scholar.google.com/citations?hl=en&view_op=view_citation&citation_for_view=KreqRjAAAAAJ:8k81kl-MbHgC
2025-04-11 22:12:52,606 - INFO - HTTP Request: GET https://scholar.google.com/citations?hl=en&view_op=view_citation&citation_for_view=KreqRjAAAAAJ:8k81kl-MbHgC "HTTP/1.1 200 OK"
2025-04-11 22:12:54,125 - INFO - Getting https://scholar.google.com/citations?hl=en&view_op=view_citation&citation_for_view=KreqRjAAAAAJ:kNdYIx-mwKoC
2025-04-11 22:12:55,541 - INFO - HTTP Request: GET https://scholar.google.com/citations?hl=en&view_op=view_citation&citation_for_view=KreqRjAAAAAJ:kNdYIx-mwKoC "HTTP/1.1 200 OK"
2025-04-11 22:12:57,633 - INFO - Getting https://scholar.google.com/citations?hl=en&view_op=view_citation&citation_for_view=KreqRjAAAAAJ:hqOjcs7Dif8C
2025-04-11 22:12:59,472 - INFO - HTTP Request: GET https://scholar.google.com/citations?hl=en&view_op=view_citation&citation_for_view=KreqRjAAAAAJ:hqOjcs7Dif8C "HTTP/1.1 200 OK"
2025-04-11 22:13:00,435 - INFO - Getting https://scholar.google.com/citations?hl=en&view_op=view_citation&citation_for_view=KreqRjAAAAAJ:UebtZRa9Y70C
2025-04-11 22:13:01,633 - INFO - HTTP Request: GET https://scholar.google.com/citations?hl=en&view_op=view_citation&citation_for_view=KreqRjAAAAAJ:UebtZRa9Y70C "HTTP/1.1 200 OK"
2025-04-11 22:13:02,790 - INFO - Getting https://scholar.google.com/citations?hl=en&view_op=view_citation&citation_for_view=KreqRjAAAAAJ:ufrVoPGSRksC
2025-04-11 22:13:04,858 - INFO - HTTP Request: GET https://scholar.google.com/citations?hl=en&view_op=view_citation&citation_for_view=KreqRjAAAAAJ:ufrVoPGSRksC "HTTP/1.1 200 OK"
2025-04-11 22:13:05,769 - INFO - Getting https://scholar.google.com/citations?hl=en&view_op=view_citation&citation_for_view=KreqRjAAAAAJ:YOwf2qJgpHMC
2025-04-11 22:13:07,447 - INFO - HTTP Request: GET https://scholar.google.com/citations?hl=en&view_op=view_citation&citation_for_view=KreqRjAAAAAJ:YOwf2qJgpHMC "HTTP/1.1 200 OK"
2025-04-11 22:13:08,427 - INFO - Getting https://scholar.google.com/citations?hl=en&view_op=view_citation&citation_for_view=KreqRjAAAAAJ:Zph67rFs4hoC
2025-04-11 22:13:09,751 - INFO - HTTP Request: GET https://scholar.google.com/citations?hl=en&view_op=view_citation&citation_for_view=KreqRjAAAAAJ:Zph67rFs4hoC "HTTP/1.1 200 OK"
2025-04-11 22:13:11,464 - INFO - Trying to download PDF from: https://static-content.springer.com/esm/chp%3A10.1007%2F978-3-031-78104-9_21/MediaObjects/645045_1_En_21_MOESM1_ESM.pdf
2025-04-11 22:13:11,630 - INFO - Getting https://scholar.google.com/citations?hl=en&view_op=view_citation&citation_for_view=KreqRjAAAAAJ:ULOm3_A8WrAC
2025-04-11 22:13:13,057 - INFO - HTTP Request: GET https://scholar.google.com/citations?hl=en&view_op=view_citation&citation_for_view=KreqRjAAAAAJ:ULOm3_A8WrAC "HTTP/1.1 200 OK"
2025-04-11 22:13:13,859 - INFO - Getting https://scholar.google.com/citations?hl=en&view_op=view_citation&citation_for_view=KreqRjAAAAAJ:3fE2CSJIrl8C
2025-04-11 22:13:15,584 - INFO - HTTP Request: GET https://scholar.google.com/citations?hl=en&view_op=view_citation&citation_for_view=KreqRjAAAAAJ:3fE2CSJIrl8C "HTTP/1.1 200 OK"
2025-04-11 22:13:17,054 - INFO - 
Download Summary:
2025-04-11 22:13:17,054 - INFO - Total publications: 9
2025-04-11 22:13:17,054 - INFO - Successfully downloaded: 1
2025-04-11 22:13:17,054 - INFO - Failed downloads: 8
2025-04-11 22:13:17,054 - INFO - Status saved to: filled/vaneshieh@gmail.com/publication_download_status_comprehensive.csv
2025-04-11 22:13:17,054 - INFO - PDF download process completed
